0 info it worked if it ends with ok
1 verbose cli [ '/Users/francisco/.nvm/v0.10.26/bin/node',
1 verbose cli   '/Users/francisco/.nvm/v0.10.26/bin/npm',
1 verbose cli   'install' ]
2 info using npm@1.4.3
3 info using node@v0.10.26
4 verbose node symlink /Users/francisco/.nvm/v0.10.26/bin/node
5 warn package.json demo-store@ No repository field.
6 verbose readDependencies using package.json deps
7 verbose install where, deps [ '/Volumes/User/francisco/Vlipco/dev/checkout-frontend/.rgulp',
7 verbose install   [ 'rgulp',
7 verbose install     'gulp-util',
7 verbose install     'gulp',
7 verbose install     'coffee-script',
7 verbose install     'gulp-jade',
7 verbose install     'gulp-ruby-sass',
7 verbose install     'lazypipe',
7 verbose install     'gulp-coffee',
7 verbose install     'gulp-include',
7 verbose install     'gulp-removelogs',
7 verbose install     'gulp-clean',
7 verbose install     'pushstate-server',
7 verbose install     'gulp-if',
7 verbose install     'gulp-reduce',
7 verbose install     'gulp-using',
7 verbose install     'run-sequence',
7 verbose install     'assetgraph-builder',
7 verbose install     'glob',
7 verbose install     'pretty-bytes',
7 verbose install     'gulp-plumber',
7 verbose install     'gulp-cson',
7 verbose install     'gulp-angular-templatecache',
7 verbose install     'gulp-tap',
7 verbose install     'underscore' ] ]
8 info preinstall demo-store@
9 verbose readDependencies using package.json deps
10 verbose cache add [ 'gulp-coffee@git://github.com/fpinzn/gulp-coffee', null ]
11 verbose cache add name=undefined spec="gulp-coffee@git://github.com/fpinzn/gulp-coffee" args=["gulp-coffee@git://github.com/fpinzn/gulp-coffee",null]
12 verbose parsed url { protocol: null,
12 verbose parsed url   slashes: null,
12 verbose parsed url   auth: null,
12 verbose parsed url   host: null,
12 verbose parsed url   port: null,
12 verbose parsed url   hostname: null,
12 verbose parsed url   hash: null,
12 verbose parsed url   search: null,
12 verbose parsed url   query: null,
12 verbose parsed url   pathname: 'gulp-coffee@git://github.com/fpinzn/gulp-coffee',
12 verbose parsed url   path: 'gulp-coffee@git://github.com/fpinzn/gulp-coffee',
12 verbose parsed url   href: 'gulp-coffee@git://github.com/fpinzn/gulp-coffee' }
13 verbose already installed skipping gulp-include@~0.2.2 /Volumes/User/francisco/Vlipco/dev/checkout-frontend/.rgulp
14 verbose cache add name="gulp-coffee" spec="git://github.com/fpinzn/gulp-coffee" args=["gulp-coffee","git://github.com/fpinzn/gulp-coffee"]
15 verbose parsed url { protocol: 'git:',
15 verbose parsed url   slashes: true,
15 verbose parsed url   auth: null,
15 verbose parsed url   host: 'github.com',
15 verbose parsed url   port: null,
15 verbose parsed url   hostname: 'github.com',
15 verbose parsed url   hash: null,
15 verbose parsed url   search: null,
15 verbose parsed url   query: null,
15 verbose parsed url   pathname: '/fpinzn/gulp-coffee',
15 verbose parsed url   path: '/fpinzn/gulp-coffee',
15 verbose parsed url   href: 'git://github.com/fpinzn/gulp-coffee' }
16 verbose already installed skipping gulp-removelogs@0.0.2 /Volumes/User/francisco/Vlipco/dev/checkout-frontend/.rgulp
17 silly lockFile 5c7c473a-it-github-com-fpinzn-gulp-coffee git://github.com/fpinzn/gulp-coffee
18 verbose lock git://github.com/fpinzn/gulp-coffee /Users/francisco/.npm/5c7c473a-it-github-com-fpinzn-gulp-coffee.lock
19 verbose already installed skipping gulp-clean@~0.2.4 /Volumes/User/francisco/Vlipco/dev/checkout-frontend/.rgulp
20 verbose addRemoteGit [ 'git://github.com/fpinzn/gulp-coffee', 'master' ]
21 verbose already installed skipping pushstate-server@~0.2.0 /Volumes/User/francisco/Vlipco/dev/checkout-frontend/.rgulp
22 verbose already installed skipping gulp-if@0.0.5 /Volumes/User/francisco/Vlipco/dev/checkout-frontend/.rgulp
23 verbose already installed skipping run-sequence@~0.3.6 /Volumes/User/francisco/Vlipco/dev/checkout-frontend/.rgulp
24 verbose already installed skipping gulp-reduce@0.0.0 /Volumes/User/francisco/Vlipco/dev/checkout-frontend/.rgulp
25 verbose already installed skipping assetgraph-builder@~1.8.14 /Volumes/User/francisco/Vlipco/dev/checkout-frontend/.rgulp
26 verbose already installed skipping gulp-using@0.0.1 /Volumes/User/francisco/Vlipco/dev/checkout-frontend/.rgulp
27 verbose already installed skipping glob@~3.2.8 /Volumes/User/francisco/Vlipco/dev/checkout-frontend/.rgulp
28 verbose already installed skipping pretty-bytes@~0.1.0 /Volumes/User/francisco/Vlipco/dev/checkout-frontend/.rgulp
29 verbose already installed skipping gulp-plumber@~0.5.6 /Volumes/User/francisco/Vlipco/dev/checkout-frontend/.rgulp
30 verbose already installed skipping gulp-cson@0.0.1 /Volumes/User/francisco/Vlipco/dev/checkout-frontend/.rgulp
31 verbose cache add [ 'gulp-angular-templatecache@git://github.com/fpinzn/gulp-angular-templatecache',
31 verbose cache add   null ]
32 verbose cache add name=undefined spec="gulp-angular-templatecache@git://github.com/fpinzn/gulp-angular-templatecache" args=["gulp-angular-templatecache@git://github.com/fpinzn/gulp-angular-templatecache",null]
33 verbose parsed url { protocol: null,
33 verbose parsed url   slashes: null,
33 verbose parsed url   auth: null,
33 verbose parsed url   host: null,
33 verbose parsed url   port: null,
33 verbose parsed url   hostname: null,
33 verbose parsed url   hash: null,
33 verbose parsed url   search: null,
33 verbose parsed url   query: null,
33 verbose parsed url   pathname: 'gulp-angular-templatecache@git://github.com/fpinzn/gulp-angular-templatecache',
33 verbose parsed url   path: 'gulp-angular-templatecache@git://github.com/fpinzn/gulp-angular-templatecache',
33 verbose parsed url   href: 'gulp-angular-templatecache@git://github.com/fpinzn/gulp-angular-templatecache' }
34 verbose already installed skipping gulp-tap@^0.1.1 /Volumes/User/francisco/Vlipco/dev/checkout-frontend/.rgulp
35 verbose cache add name="gulp-angular-templatecache" spec="git://github.com/fpinzn/gulp-angular-templatecache" args=["gulp-angular-templatecache","git://github.com/fpinzn/gulp-angular-templatecache"]
36 verbose parsed url { protocol: 'git:',
36 verbose parsed url   slashes: true,
36 verbose parsed url   auth: null,
36 verbose parsed url   host: 'github.com',
36 verbose parsed url   port: null,
36 verbose parsed url   hostname: 'github.com',
36 verbose parsed url   hash: null,
36 verbose parsed url   search: null,
36 verbose parsed url   query: null,
36 verbose parsed url   pathname: '/fpinzn/gulp-angular-templatecache',
36 verbose parsed url   path: '/fpinzn/gulp-angular-templatecache',
36 verbose parsed url   href: 'git://github.com/fpinzn/gulp-angular-templatecache' }
37 silly lockFile 0a292dd6-pinzn-gulp-angular-templatecache git://github.com/fpinzn/gulp-angular-templatecache
38 verbose lock git://github.com/fpinzn/gulp-angular-templatecache /Users/francisco/.npm/0a292dd6-pinzn-gulp-angular-templatecache.lock
39 verbose already installed skipping underscore@^1.6.0 /Volumes/User/francisco/Vlipco/dev/checkout-frontend/.rgulp
40 verbose addRemoteGit [ 'git://github.com/fpinzn/gulp-angular-templatecache',
40 verbose addRemoteGit   'master' ]
41 verbose already installed skipping coffee-script@~1.7.1 /Volumes/User/francisco/Vlipco/dev/checkout-frontend/.rgulp
42 verbose already installed skipping rgulp@0.1.x /Volumes/User/francisco/Vlipco/dev/checkout-frontend/.rgulp
43 verbose already installed skipping gulp-util@~2.2.14 /Volumes/User/francisco/Vlipco/dev/checkout-frontend/.rgulp
44 verbose git remote.origin.url git://github.com/fpinzn/gulp-coffee
45 verbose already installed skipping gulp@~3.5.2 /Volumes/User/francisco/Vlipco/dev/checkout-frontend/.rgulp
46 verbose already installed skipping gulp-jade@~0.4.2 /Volumes/User/francisco/Vlipco/dev/checkout-frontend/.rgulp
47 verbose already installed skipping gulp-ruby-sass@~0.3.0 /Volumes/User/francisco/Vlipco/dev/checkout-frontend/.rgulp
48 verbose already installed skipping lazypipe@~0.2.1 /Volumes/User/francisco/Vlipco/dev/checkout-frontend/.rgulp
49 verbose git remote.origin.url git://github.com/fpinzn/gulp-angular-templatecache
50 verbose git fetch -a origin (git://github.com/fpinzn/gulp-coffee)
51 verbose git rev-list -n1 master a1c9f112c83d0cb32b97e74ecb8d7d5e1076aa6b
52 verbose resolved git url git://github.com/fpinzn/gulp-coffee#a1c9f112c83d0cb32b97e74ecb8d7d5e1076aa6b
53 verbose tar unpack /var/folders/g5/53n5lttn1_54tkl166_1vrpc0000gn/T/npm-8196-Fpkm-t6L/1395207191893-0.5441575224976987/tmp.tgz
54 silly lockFile 23a64aba-91893-0-5441575224976987-package tar:///var/folders/g5/53n5lttn1_54tkl166_1vrpc0000gn/T/npm-8196-Fpkm-t6L/1395207191893-0.5441575224976987/package
55 verbose lock tar:///var/folders/g5/53n5lttn1_54tkl166_1vrpc0000gn/T/npm-8196-Fpkm-t6L/1395207191893-0.5441575224976987/package /Users/francisco/.npm/23a64aba-91893-0-5441575224976987-package.lock
56 silly lockFile 4a49267a-91893-0-5441575224976987-tmp-tgz tar:///var/folders/g5/53n5lttn1_54tkl166_1vrpc0000gn/T/npm-8196-Fpkm-t6L/1395207191893-0.5441575224976987/tmp.tgz
57 verbose lock tar:///var/folders/g5/53n5lttn1_54tkl166_1vrpc0000gn/T/npm-8196-Fpkm-t6L/1395207191893-0.5441575224976987/tmp.tgz /Users/francisco/.npm/4a49267a-91893-0-5441575224976987-tmp-tgz.lock
58 silly gunzTarPerm modes [ '755', '644' ]
59 silly gunzTarPerm extractEntry
60 silly gunzTarPerm modified mode [ '', 509, 493 ]
61 silly gunzTarPerm extractEntry .gitignore
62 silly gunzTarPerm modified mode [ '.gitignore', 436, 420 ]
63 silly gunzTarPerm extractEntry .npmignore
64 silly gunzTarPerm modified mode [ '.npmignore', 436, 420 ]
65 silly gunzTarPerm extractEntry .travis.yml
66 silly gunzTarPerm modified mode [ '.travis.yml', 436, 420 ]
67 silly gunzTarPerm extractEntry LICENSE
68 silly gunzTarPerm modified mode [ 'LICENSE', 509, 493 ]
69 silly gunzTarPerm extractEntry README.md
70 silly gunzTarPerm modified mode [ 'README.md', 436, 420 ]
71 silly gunzTarPerm extractEntry index.js
72 silly gunzTarPerm modified mode [ 'index.js', 436, 420 ]
73 silly gunzTarPerm extractEntry package.json
74 silly gunzTarPerm modified mode [ 'package.json', 436, 420 ]
75 silly gunzTarPerm extractEntry test/
76 silly gunzTarPerm modified mode [ 'test/', 509, 493 ]
77 silly gunzTarPerm extractEntry test/fixtures/
78 silly gunzTarPerm modified mode [ 'test/fixtures/', 509, 493 ]
79 silly gunzTarPerm extractEntry test/fixtures/grammar.coffee
80 silly gunzTarPerm modified mode [ 'test/fixtures/grammar.coffee', 436, 420 ]
81 silly gunzTarPerm extractEntry test/fixtures/journo.litcoffee
82 silly gunzTarPerm modified mode [ 'test/fixtures/journo.litcoffee', 436, 420 ]
83 silly gunzTarPerm extractEntry test/main.js
84 silly gunzTarPerm modified mode [ 'test/main.js', 436, 420 ]
85 silly lockFile 23a64aba-91893-0-5441575224976987-package tar:///var/folders/g5/53n5lttn1_54tkl166_1vrpc0000gn/T/npm-8196-Fpkm-t6L/1395207191893-0.5441575224976987/package
86 silly lockFile 23a64aba-91893-0-5441575224976987-package tar:///var/folders/g5/53n5lttn1_54tkl166_1vrpc0000gn/T/npm-8196-Fpkm-t6L/1395207191893-0.5441575224976987/package
87 silly lockFile 4a49267a-91893-0-5441575224976987-tmp-tgz tar:///var/folders/g5/53n5lttn1_54tkl166_1vrpc0000gn/T/npm-8196-Fpkm-t6L/1395207191893-0.5441575224976987/tmp.tgz
88 silly lockFile 4a49267a-91893-0-5441575224976987-tmp-tgz tar:///var/folders/g5/53n5lttn1_54tkl166_1vrpc0000gn/T/npm-8196-Fpkm-t6L/1395207191893-0.5441575224976987/tmp.tgz
89 verbose tar pack [ '/Users/francisco/.npm/gulp-coffee/1.4.1/package.tgz',
89 verbose tar pack   '/var/folders/g5/53n5lttn1_54tkl166_1vrpc0000gn/T/npm-8196-Fpkm-t6L/1395207191893-0.5441575224976987/package' ]
90 verbose tarball /Users/francisco/.npm/gulp-coffee/1.4.1/package.tgz
91 verbose folder /var/folders/g5/53n5lttn1_54tkl166_1vrpc0000gn/T/npm-8196-Fpkm-t6L/1395207191893-0.5441575224976987/package
92 silly lockFile 23a64aba-91893-0-5441575224976987-package tar:///var/folders/g5/53n5lttn1_54tkl166_1vrpc0000gn/T/npm-8196-Fpkm-t6L/1395207191893-0.5441575224976987/package
93 verbose lock tar:///var/folders/g5/53n5lttn1_54tkl166_1vrpc0000gn/T/npm-8196-Fpkm-t6L/1395207191893-0.5441575224976987/package /Users/francisco/.npm/23a64aba-91893-0-5441575224976987-package.lock
94 silly lockFile dcd9c403-pm-gulp-coffee-1-4-1-package-tgz tar:///Users/francisco/.npm/gulp-coffee/1.4.1/package.tgz
95 verbose lock tar:///Users/francisco/.npm/gulp-coffee/1.4.1/package.tgz /Users/francisco/.npm/dcd9c403-pm-gulp-coffee-1-4-1-package-tgz.lock
96 silly lockFile 23a64aba-91893-0-5441575224976987-package tar:///var/folders/g5/53n5lttn1_54tkl166_1vrpc0000gn/T/npm-8196-Fpkm-t6L/1395207191893-0.5441575224976987/package
97 silly lockFile 23a64aba-91893-0-5441575224976987-package tar:///var/folders/g5/53n5lttn1_54tkl166_1vrpc0000gn/T/npm-8196-Fpkm-t6L/1395207191893-0.5441575224976987/package
98 silly lockFile dcd9c403-pm-gulp-coffee-1-4-1-package-tgz tar:///Users/francisco/.npm/gulp-coffee/1.4.1/package.tgz
99 silly lockFile dcd9c403-pm-gulp-coffee-1-4-1-package-tgz tar:///Users/francisco/.npm/gulp-coffee/1.4.1/package.tgz
100 silly lockFile a733a86b-co-npm-gulp-coffee-1-4-1-package /Users/francisco/.npm/gulp-coffee/1.4.1/package
101 verbose lock /Users/francisco/.npm/gulp-coffee/1.4.1/package /Users/francisco/.npm/a733a86b-co-npm-gulp-coffee-1-4-1-package.lock
102 silly lockFile a733a86b-co-npm-gulp-coffee-1-4-1-package /Users/francisco/.npm/gulp-coffee/1.4.1/package
103 silly lockFile a733a86b-co-npm-gulp-coffee-1-4-1-package /Users/francisco/.npm/gulp-coffee/1.4.1/package
104 verbose tar unpack /Users/francisco/.npm/gulp-coffee/1.4.1/package.tgz
105 silly lockFile 0ceb9971-co-npm-gulp-coffee-1-4-1-package tar:///Users/francisco/.npm/gulp-coffee/1.4.1/package
106 verbose lock tar:///Users/francisco/.npm/gulp-coffee/1.4.1/package /Users/francisco/.npm/0ceb9971-co-npm-gulp-coffee-1-4-1-package.lock
107 silly lockFile dcd9c403-pm-gulp-coffee-1-4-1-package-tgz tar:///Users/francisco/.npm/gulp-coffee/1.4.1/package.tgz
108 verbose lock tar:///Users/francisco/.npm/gulp-coffee/1.4.1/package.tgz /Users/francisco/.npm/dcd9c403-pm-gulp-coffee-1-4-1-package-tgz.lock
109 silly gunzTarPerm modes [ '755', '644' ]
110 silly gunzTarPerm extractEntry package.json
111 silly gunzTarPerm extractEntry .npmignore
112 silly gunzTarPerm extractEntry README.md
113 silly gunzTarPerm extractEntry LICENSE
114 silly gunzTarPerm extractEntry index.js
115 silly gunzTarPerm extractEntry .travis.yml
116 silly gunzTarPerm extractEntry test/main.js
117 silly gunzTarPerm extractEntry test/fixtures/grammar.coffee
118 silly gunzTarPerm extractEntry test/fixtures/journo.litcoffee
119 silly lockFile 0ceb9971-co-npm-gulp-coffee-1-4-1-package tar:///Users/francisco/.npm/gulp-coffee/1.4.1/package
120 silly lockFile 0ceb9971-co-npm-gulp-coffee-1-4-1-package tar:///Users/francisco/.npm/gulp-coffee/1.4.1/package
121 silly lockFile dcd9c403-pm-gulp-coffee-1-4-1-package-tgz tar:///Users/francisco/.npm/gulp-coffee/1.4.1/package.tgz
122 silly lockFile dcd9c403-pm-gulp-coffee-1-4-1-package-tgz tar:///Users/francisco/.npm/gulp-coffee/1.4.1/package.tgz
123 verbose chmod /Users/francisco/.npm/gulp-coffee/1.4.1/package.tgz 644
124 verbose chown /Users/francisco/.npm/gulp-coffee/1.4.1/package.tgz [ 501, 20 ]
125 silly lockFile 5c7c473a-it-github-com-fpinzn-gulp-coffee git://github.com/fpinzn/gulp-coffee
126 silly lockFile 5c7c473a-it-github-com-fpinzn-gulp-coffee git://github.com/fpinzn/gulp-coffee
127 verbose git fetch -a origin (git://github.com/fpinzn/gulp-angular-templatecache) From git://github.com/fpinzn/gulp-angular-templatecache
127 verbose git fetch -a origin (git://github.com/fpinzn/gulp-angular-templatecache)    de54c5a..75064c2  master     -> master
128 verbose git rev-list -n1 master 75064c26a20410bad9c512439bb43686d1bb07af
129 verbose resolved git url git://github.com/fpinzn/gulp-angular-templatecache#75064c26a20410bad9c512439bb43686d1bb07af
130 verbose tar unpack /var/folders/g5/53n5lttn1_54tkl166_1vrpc0000gn/T/npm-8196-Fpkm-t6L/1395207192098-0.9329806957393885/tmp.tgz
131 silly lockFile 9ea0640a-92098-0-9329806957393885-package tar:///var/folders/g5/53n5lttn1_54tkl166_1vrpc0000gn/T/npm-8196-Fpkm-t6L/1395207192098-0.9329806957393885/package
132 verbose lock tar:///var/folders/g5/53n5lttn1_54tkl166_1vrpc0000gn/T/npm-8196-Fpkm-t6L/1395207192098-0.9329806957393885/package /Users/francisco/.npm/9ea0640a-92098-0-9329806957393885-package.lock
133 silly lockFile 5576f4b0-92098-0-9329806957393885-tmp-tgz tar:///var/folders/g5/53n5lttn1_54tkl166_1vrpc0000gn/T/npm-8196-Fpkm-t6L/1395207192098-0.9329806957393885/tmp.tgz
134 verbose lock tar:///var/folders/g5/53n5lttn1_54tkl166_1vrpc0000gn/T/npm-8196-Fpkm-t6L/1395207192098-0.9329806957393885/tmp.tgz /Users/francisco/.npm/5576f4b0-92098-0-9329806957393885-tmp-tgz.lock
135 silly gunzTarPerm modes [ '755', '644' ]
136 silly gunzTarPerm extractEntry
137 silly gunzTarPerm modified mode [ '', 509, 493 ]
138 silly gunzTarPerm extractEntry .editorconfig
139 silly gunzTarPerm modified mode [ '.editorconfig', 436, 420 ]
140 silly gunzTarPerm extractEntry .gitignore
141 silly gunzTarPerm modified mode [ '.gitignore', 436, 420 ]
142 silly gunzTarPerm extractEntry .jshintrc
143 silly gunzTarPerm modified mode [ '.jshintrc', 436, 420 ]
144 silly gunzTarPerm extractEntry .travis.yml
145 silly gunzTarPerm modified mode [ '.travis.yml', 436, 420 ]
146 silly gunzTarPerm extractEntry LICENSE
147 silly gunzTarPerm modified mode [ 'LICENSE', 436, 420 ]
148 silly gunzTarPerm extractEntry README.md
149 silly gunzTarPerm modified mode [ 'README.md', 436, 420 ]
150 silly gunzTarPerm extractEntry index.coffee
151 silly gunzTarPerm modified mode [ 'index.coffee', 436, 420 ]
152 silly gunzTarPerm extractEntry index.js
153 silly gunzTarPerm modified mode [ 'index.js', 436, 420 ]
154 silly gunzTarPerm extractEntry package.json
155 silly gunzTarPerm modified mode [ 'package.json', 436, 420 ]
156 silly gunzTarPerm extractEntry test/
157 silly gunzTarPerm modified mode [ 'test/', 509, 493 ]
158 silly gunzTarPerm extractEntry test/mocha.opts
159 silly gunzTarPerm modified mode [ 'test/mocha.opts', 436, 420 ]
160 silly gunzTarPerm extractEntry test/test.js
161 silly gunzTarPerm modified mode [ 'test/test.js', 436, 420 ]
162 silly lockFile 9ea0640a-92098-0-9329806957393885-package tar:///var/folders/g5/53n5lttn1_54tkl166_1vrpc0000gn/T/npm-8196-Fpkm-t6L/1395207192098-0.9329806957393885/package
163 silly lockFile 9ea0640a-92098-0-9329806957393885-package tar:///var/folders/g5/53n5lttn1_54tkl166_1vrpc0000gn/T/npm-8196-Fpkm-t6L/1395207192098-0.9329806957393885/package
164 silly lockFile 5576f4b0-92098-0-9329806957393885-tmp-tgz tar:///var/folders/g5/53n5lttn1_54tkl166_1vrpc0000gn/T/npm-8196-Fpkm-t6L/1395207192098-0.9329806957393885/tmp.tgz
165 silly lockFile 5576f4b0-92098-0-9329806957393885-tmp-tgz tar:///var/folders/g5/53n5lttn1_54tkl166_1vrpc0000gn/T/npm-8196-Fpkm-t6L/1395207192098-0.9329806957393885/tmp.tgz
166 verbose tar pack [ '/Users/francisco/.npm/gulp-angular-templatecache/1.1.0/package.tgz',
166 verbose tar pack   '/var/folders/g5/53n5lttn1_54tkl166_1vrpc0000gn/T/npm-8196-Fpkm-t6L/1395207192098-0.9329806957393885/package' ]
167 verbose tarball /Users/francisco/.npm/gulp-angular-templatecache/1.1.0/package.tgz
168 verbose folder /var/folders/g5/53n5lttn1_54tkl166_1vrpc0000gn/T/npm-8196-Fpkm-t6L/1395207192098-0.9329806957393885/package
169 silly lockFile 9ea0640a-92098-0-9329806957393885-package tar:///var/folders/g5/53n5lttn1_54tkl166_1vrpc0000gn/T/npm-8196-Fpkm-t6L/1395207192098-0.9329806957393885/package
170 verbose lock tar:///var/folders/g5/53n5lttn1_54tkl166_1vrpc0000gn/T/npm-8196-Fpkm-t6L/1395207192098-0.9329806957393885/package /Users/francisco/.npm/9ea0640a-92098-0-9329806957393885-package.lock
171 silly lockFile a7f72809--templatecache-1-1-0-package-tgz tar:///Users/francisco/.npm/gulp-angular-templatecache/1.1.0/package.tgz
172 verbose lock tar:///Users/francisco/.npm/gulp-angular-templatecache/1.1.0/package.tgz /Users/francisco/.npm/a7f72809--templatecache-1-1-0-package-tgz.lock
173 silly lockFile 9ea0640a-92098-0-9329806957393885-package tar:///var/folders/g5/53n5lttn1_54tkl166_1vrpc0000gn/T/npm-8196-Fpkm-t6L/1395207192098-0.9329806957393885/package
174 silly lockFile 9ea0640a-92098-0-9329806957393885-package tar:///var/folders/g5/53n5lttn1_54tkl166_1vrpc0000gn/T/npm-8196-Fpkm-t6L/1395207192098-0.9329806957393885/package
175 silly lockFile a7f72809--templatecache-1-1-0-package-tgz tar:///Users/francisco/.npm/gulp-angular-templatecache/1.1.0/package.tgz
176 silly lockFile a7f72809--templatecache-1-1-0-package-tgz tar:///Users/francisco/.npm/gulp-angular-templatecache/1.1.0/package.tgz
177 silly lockFile 175beb9f-ular-templatecache-1-1-0-package /Users/francisco/.npm/gulp-angular-templatecache/1.1.0/package
178 verbose lock /Users/francisco/.npm/gulp-angular-templatecache/1.1.0/package /Users/francisco/.npm/175beb9f-ular-templatecache-1-1-0-package.lock
179 silly lockFile 175beb9f-ular-templatecache-1-1-0-package /Users/francisco/.npm/gulp-angular-templatecache/1.1.0/package
180 silly lockFile 175beb9f-ular-templatecache-1-1-0-package /Users/francisco/.npm/gulp-angular-templatecache/1.1.0/package
181 verbose tar unpack /Users/francisco/.npm/gulp-angular-templatecache/1.1.0/package.tgz
182 silly lockFile 37ddf6ba-ular-templatecache-1-1-0-package tar:///Users/francisco/.npm/gulp-angular-templatecache/1.1.0/package
183 verbose lock tar:///Users/francisco/.npm/gulp-angular-templatecache/1.1.0/package /Users/francisco/.npm/37ddf6ba-ular-templatecache-1-1-0-package.lock
184 silly lockFile a7f72809--templatecache-1-1-0-package-tgz tar:///Users/francisco/.npm/gulp-angular-templatecache/1.1.0/package.tgz
185 verbose lock tar:///Users/francisco/.npm/gulp-angular-templatecache/1.1.0/package.tgz /Users/francisco/.npm/a7f72809--templatecache-1-1-0-package-tgz.lock
186 silly gunzTarPerm modes [ '755', '644' ]
187 silly gunzTarPerm extractEntry package.json
188 silly gunzTarPerm extractEntry README.md
189 silly gunzTarPerm extractEntry index.js
190 silly lockFile 37ddf6ba-ular-templatecache-1-1-0-package tar:///Users/francisco/.npm/gulp-angular-templatecache/1.1.0/package
191 silly lockFile 37ddf6ba-ular-templatecache-1-1-0-package tar:///Users/francisco/.npm/gulp-angular-templatecache/1.1.0/package
192 silly lockFile a7f72809--templatecache-1-1-0-package-tgz tar:///Users/francisco/.npm/gulp-angular-templatecache/1.1.0/package.tgz
193 silly lockFile a7f72809--templatecache-1-1-0-package-tgz tar:///Users/francisco/.npm/gulp-angular-templatecache/1.1.0/package.tgz
194 verbose chmod /Users/francisco/.npm/gulp-angular-templatecache/1.1.0/package.tgz 644
195 verbose chown /Users/francisco/.npm/gulp-angular-templatecache/1.1.0/package.tgz [ 501, 20 ]
196 silly lockFile 0a292dd6-pinzn-gulp-angular-templatecache git://github.com/fpinzn/gulp-angular-templatecache
197 silly lockFile 0a292dd6-pinzn-gulp-angular-templatecache git://github.com/fpinzn/gulp-angular-templatecache
198 silly resolved [ { name: 'gulp-coffee',
198 silly resolved     description: 'Compile CoffeeScript files',
198 silly resolved     version: '1.4.1',
198 silly resolved     homepage: 'http://github.com/wearefractal/gulp-coffee',
198 silly resolved     repository:
198 silly resolved      { type: 'git',
198 silly resolved        url: 'git://github.com/wearefractal/gulp-coffee.git' },
198 silly resolved     author:
198 silly resolved      { name: 'Fractal',
198 silly resolved        email: 'contact@wearefractal.com',
198 silly resolved        url: 'http://wearefractal.com/' },
198 silly resolved     main: './index.js',
198 silly resolved     keywords: [ 'gulpplugin' ],
198 silly resolved     dependencies:
198 silly resolved      { 'event-stream': '~3.0.20',
198 silly resolved        'coffee-script': '~1.7.0',
198 silly resolved        'gulp-util': '~2.2.1' },
198 silly resolved     devDependencies: { mocha: '*', should: '*' },
198 silly resolved     scripts: { test: 'mocha' },
198 silly resolved     engines: { node: '>= 0.9.0' },
198 silly resolved     licenses: [ [Object] ],
198 silly resolved     readme: '![status](https://secure.travis-ci.org/wearefractal/gulp-coffee.png?branch=master)\n\n## Information\n\nThe purpose of this fork is to add contracts.coffee suport to gulp-coffee.\n<table>\n<tr> \n<td>Package</td><td>gulp-coffee</td>\n</tr>\n<tr>\n<td>Description</td>\n<td>Compiles CoffeeScript</td>\n</tr>\n<tr>\n<td>Node Version</td>\n<td>>= 0.9</td>\n</tr>\n</table>\n\n## Usage\n\n```javascript\nvar coffee = require(\'gulp-coffee\');\n\ngulp.task(\'coffee\', function() {\n  gulp.src(\'./src/*.coffee\')\n    .pipe(coffee({bare: true}).on(\'error\', gutil.log))\n    .pipe(gulp.dest(\'./public/\'))\n});\n```\n\n### Error handling\n\ngulp-coffee will emit an error for cases such as invalid coffeescript syntax. If uncaught, the error will crash gulp.\n\nYou will need to attach a listener (i.e. `.on(\'error\')`) for the error event emitted by gulp-coffee:\n\n```javascript\nvar coffeeStream = coffee({bare: true});\n\n// Attach listener\ncoffeeStream.on(\'error\', function(err) {});\n```\n\nIn addition, you may utilize [gulp-util](https://github.com/wearefractal/gulp-util)\'s logging function:\n\n```javascript\nvar gutil = require(\'gulp-util\');\n\n// ...\n\nvar coffeeStream = coffee({bare: true});\n\n// Attach listener\ncoffeeStream.on(\'error\', gutil.log);\n\n```\n\nSince `.on(...)` returns `this`, you can make you can compact it as inline code:\n\n```javascript\n\ngulp.src(\'./src/*.coffee\')\n  .pipe(coffee({bare: true}).on(\'error\', gutil.log))\n  // ...\n```\n\n## Options\n\nThe options object supports the same options as the standard CoffeeScript compiler \n\n## LICENSE\n\n(MIT License)\n\nCopyright (c) 2013 Fractal <contact@wearefractal.com>\n\nPermission is hereby granted, free of charge, to any person obtaining\na copy of this software and associated documentation files (the\n"Software"), to deal in the Software without restriction, including\nwithout limitation the rights to use, copy, modify, merge, publish,\ndistribute, sublicense, and/or sell copies of the Software, and to\npermit persons to whom the Software is furnished to do so, subject to\nthe following conditions:\n\nThe above copyright notice and this permission notice shall be\nincluded in all copies or substantial portions of the Software.\n\nTHE SOFTWARE IS PROVIDED "AS IS", WITHOUT WARRANTY OF ANY KIND,\nEXPRESS OR IMPLIED, INCLUDING BUT NOT LIMITED TO THE WARRANTIES OF\nMERCHANTABILITY, FITNESS FOR A PARTICULAR PURPOSE AND\nNONINFRINGEMENT. IN NO EVENT SHALL THE AUTHORS OR COPYRIGHT HOLDERS BE\nLIABLE FOR ANY CLAIM, DAMAGES OR OTHER LIABILITY, WHETHER IN AN ACTION\nOF CONTRACT, TORT OR OTHERWISE, ARISING FROM, OUT OF OR IN CONNECTION\nWITH THE SOFTWARE OR THE USE OR OTHER DEALINGS IN THE SOFTWARE.\n',
198 silly resolved     readmeFilename: 'README.md',
198 silly resolved     bugs: { url: 'https://github.com/wearefractal/gulp-coffee/issues' },
198 silly resolved     _id: 'gulp-coffee@1.4.1',
198 silly resolved     dist: { shasum: '9a6b190f785f22c800ffd09ff7bb75641c903d72' },
198 silly resolved     _resolved: 'git://github.com/fpinzn/gulp-coffee#a1c9f112c83d0cb32b97e74ecb8d7d5e1076aa6b',
198 silly resolved     _from: 'gulp-coffee@git://github.com/fpinzn/gulp-coffee' },
198 silly resolved   { name: 'gulp-angular-templatecache',
198 silly resolved     version: '1.1.0',
198 silly resolved     description: 'Concatenates and registers AngularJS templates in the $templateCache.',
198 silly resolved     main: 'index.js',
198 silly resolved     scripts: { test: 'mocha' },
198 silly resolved     repository:
198 silly resolved      { type: 'git',
198 silly resolved        url: 'git://github.com/miickel/gulp-angular-templatecache' },
198 silly resolved     engines: { node: '>=0.8.0' },
198 silly resolved     files: [ 'index.js' ],
198 silly resolved     keywords:
198 silly resolved      [ 'gulpplugin',
198 silly resolved        'gulp',
198 silly resolved        'angular',
198 silly resolved        'angularjs',
198 silly resolved        'ng',
198 silly resolved        'html2js',
198 silly resolved        'templatecache' ],
198 silly resolved     author:
198 silly resolved      { name: 'Mickel',
198 silly resolved        email: 'andersson.mickel@gmail.com',
198 silly resolved        url: 'http://mickel.me' },
198 silly resolved     license: 'MIT',
198 silly resolved     dependencies:
198 silly resolved      { 'event-stream': '3.x',
198 silly resolved        path: '0.x',
198 silly resolved        'gulp-util': '2.x',
198 silly resolved        'js-string-escape': '~1.0.0',
198 silly resolved        'gulp-footer': '1.x',
198 silly resolved        'gulp-header': '1.x',
198 silly resolved        'gulp-concat': '2.x' },
198 silly resolved     devDependencies: { mocha: 'latest' },
198 silly resolved     readme: '# gulp-angular-templatecache\n\n> Concatenates and registers AngularJS templates in the `$templateCache`.\n\n[![NPM version](https://badge.fury.io/js/gulp-angular-templatecache.png)](https://npmjs.org/package/gulp-angular-templatecache) [![Dependency Status](https://gemnasium.com/miickel/gulp-angular-templatecache.png)](https://gemnasium.com/miickel/gulp-angular-templatecache) [![Build Status](https://secure.travis-ci.org/miickel/gulp-angular-templatecache.png?branch=master)](http://travis-ci.org/miickel/gulp-angular-templatecache)\n\n----\n<a href="#install">Install</a> |\n<a href="#example">Example</a> |\n<a href="#api">API</a> |\n[Releases](https://github.com/miickel/gulp-angular-templatecache/releases) |\n<a href="#license">License</a>\n\n\n## Install\n\nInstall with [npm](https://npmjs.org/package/gulp-angular-templatecache)\n\n```\nnpm install gulp-angular-templatecache --save-dev\n```\n\n\n## Example\n\n**gulpfile.js**\n\n> Concatinate the contents of all .html-files in the templates directory and save to _public/templates.js_ (default filename).\n\n```js\nvar templateCache = require(\'gulp-angular-templatecache\');\n\ngulp.task(\'default\', function () {\n\tgulp.src(\'templates/**/*.html\')\n\t\t.pipe(templateCache())\n\t\t.pipe(gulp.dest(\'public\'));\n});\n```\n\n**Result (_public/templates.js_)**\n\n> Sample output (prettified).\n\n```js\nangular.module("templates").run([$templateCache,\n  function($templateCache) {\n\t$templateCache.put("template1.html",\n\t\t// template1.html content (escaped)\n\t);\n\t$templateCache.put("template2.html",\n\t\t// template2.html content (escaped)\n\t);\n\t// etc.\n  }\n]);\n\n```\n\nInclude this file in your app and AngularJS will use the $templateCache when available.\n\n\n## API\n\ngulp-angular-templatecache([filename](#filename), [options](#options))\n\n---- \n\n### filename\n\n> Name to use when concatinating.\n\nDefault: `templates.js`\n\n----\n\n### options\n\n#### root (String)\n\n> Prefix for template URLs.\n\nDefault: `\'\'`\n\n#### module (String)\n\n> Name of AngularJS module.\n\nDefault: `templates`\n\n#### standalone (Boolean)\n\n> Create a new AngularJS module, instead of using an existing.\n\nDefault: `false`\n\n#### base (String)\n\n> Allows you to override file base path.\n\nDefault: file.base (file path of the current file being processed)\n\n\n## Changes\n\n> This plugin uses Semantic Versioning 2.0.0\n\n### 1.1.0 and newer\n\nSee [Releases](https://github.com/miickel/gulp-angular-templatecache/releases)\n\n### 1.0.0\n\n> Cleaner code, more tests and improved documentation. Thoroughly used in development.\n\n- adds\n\t- `options.standalone` (**breaking**)\n- fixes\n\t- Windows support\n- changes\n\t- `filename` now optional\n\n### 0.3.0\n\n- adds\n\t- `options.module`\n\n### 0.2.0 and earlier\n\n> Only used by mad men\n\n![](http://media3.giphy.com/media/bAplZhiLAsNnG/giphy.gif)\n\n\n## License\n\nThe MIT License (MIT)\n\nCopyright (c) 2014 [Mickel](http://mickel.me)\n\nPermission is hereby granted, free of charge, to any person obtaining a copy of\nthis software and associated documentation files (the "Software"), to deal in\nthe Software without restriction, including without limitation the rights to\nuse, copy, modify, merge, publish, distribute, sublicense, and/or sell copies of\nthe Software, and to permit persons to whom the Software is furnished to do so,\nsubject to the following conditions:\n\nThe above copyright notice and this permission notice shall be included in all\ncopies or substantial portions of the Software.\n\nTHE SOFTWARE IS PROVIDED "AS IS", WITHOUT WARRANTY OF ANY KIND, EXPRESS OR\nIMPLIED, INCLUDING BUT NOT LIMITED TO THE WARRANTIES OF MERCHANTABILITY, FITNESS\nFOR A PARTICULAR PURPOSE AND NONINFRINGEMENT. IN NO EVENT SHALL THE AUTHORS OR\nCOPYRIGHT HOLDERS BE LIABLE FOR ANY CLAIM, DAMAGES OR OTHER LIABILITY, WHETHER\nIN AN ACTION OF CONTRACT, TORT OR OTHERWISE, ARISING FROM, OUT OF OR IN\nCONNECTION WITH THE SOFTWARE OR THE USE OR OTHER DEALINGS IN THE SOFTWARE.\n\n[![Analytics](https://ga-beacon.appspot.com/UA-46880034-1/gulp-angular-templatecache/readme?pixel)](https://github.com/igrigorik/ga-beacon)\n',
198 silly resolved     readmeFilename: 'README.md',
198 silly resolved     bugs: { url: 'https://github.com/miickel/gulp-angular-templatecache/issues' },
198 silly resolved     homepage: 'https://github.com/miickel/gulp-angular-templatecache',
198 silly resolved     _id: 'gulp-angular-templatecache@1.1.0',
198 silly resolved     dist: { shasum: '598bf4e3da25b6f6ee0a77a0cfd17109a1cf1a90' },
198 silly resolved     _resolved: 'git://github.com/fpinzn/gulp-angular-templatecache#75064c26a20410bad9c512439bb43686d1bb07af',
198 silly resolved     _from: 'gulp-angular-templatecache@git://github.com/fpinzn/gulp-angular-templatecache' } ]
199 info install gulp-coffee@1.4.1 into /Volumes/User/francisco/Vlipco/dev/checkout-frontend/.rgulp
200 info install gulp-angular-templatecache@1.1.0 into /Volumes/User/francisco/Vlipco/dev/checkout-frontend/.rgulp
201 info installOne gulp-coffee@1.4.1
202 info installOne gulp-angular-templatecache@1.1.0
203 info /Volumes/User/francisco/Vlipco/dev/checkout-frontend/.rgulp/node_modules/gulp-coffee unbuild
204 info preuninstall gulp-coffee@1.4.1
205 error git Appears to be a git repo or submodule.
205 error git     /Volumes/User/francisco/Vlipco/dev/checkout-frontend/.rgulp/node_modules/gulp-angular-templatecache
205 error git Refusing to remove it. Update manually,
205 error git or move it out of the way first.
206 error System Darwin 13.0.0
207 error command "/Users/francisco/.nvm/v0.10.26/bin/node" "/Users/francisco/.nvm/v0.10.26/bin/npm" "install"
208 error cwd /Volumes/User/francisco/Vlipco/dev/checkout-frontend/.rgulp
209 error node -v v0.10.26
210 error npm -v 1.4.3
211 error path /Volumes/User/francisco/Vlipco/dev/checkout-frontend/.rgulp/node_modules/gulp-angular-templatecache
212 error code EISGIT
213 verbose exit [ 1, true ]
